<?xml version="1.0" encoding="UTF-8"?>
<!-- Generated by org.testng.reporters.JUnitXMLReporter -->
<testsuite ignored="3" hostname="DESKTOP-S9PGP8H" failures="0" tests="3" name="VechicleTesting" time="0.036" errors="0" timestamp="2022-09-27T10:14:00 IST">
  <testcase classname="com.service.CarTest" name="mileage" time="0.006"/>
  <testcase classname="com.service.CarTest" name="speed" time="0.001"/>
  <testcase classname="com.service.BikeTest" name="speed" time="0.0"/>
  <testcase classname="com.service.BikeTest" name="mileage" time="0.0">
    <ignored/>
  </testcase> <!-- mileage -->
  <testcase classname="com.service.CarTest" name="color" time="0.0">
    <ignored/>
  </testcase> <!-- color -->
  <testcase classname="com.service.BikeTest" name="color" time="0.0">
    <ignored/>
  </testcase> <!-- color -->
</testsuite> <!-- VechicleTesting -->
