<?xml version="1.0" encoding="UTF-8"?>
<testng-results ignored="3" total="6" passed="3" failed="0" skipped="0">
  <reporter-output>
  </reporter-output>
  <suite started-at="2022-09-27T10:14:00 IST" name="MySuite" finished-at="2022-09-27T10:14:00 IST" duration-ms="36">
    <groups>
      <group name="speed">
        <method signature="BikeTest.speed()[pri:0, instance:com.service.BikeTest@394a2528]" name="speed" class="com.service.BikeTest"/>
        <method signature="CarTest.mileage()[pri:0, instance:com.service.CarTest@11fc564b]" name="mileage" class="com.service.CarTest"/>
        <method signature="CarTest.speed()[pri:0, instance:com.service.CarTest@11fc564b]" name="speed" class="com.service.CarTest"/>
      </group> <!-- speed -->
      <group name="mileage">
        <method signature="CarTest.mileage()[pri:0, instance:com.service.CarTest@11fc564b]" name="mileage" class="com.service.CarTest"/>
      </group> <!-- mileage -->
    </groups>
    <test started-at="2022-09-27T10:14:00 IST" name="VechicleTesting" finished-at="2022-09-27T10:14:00 IST" duration-ms="36">
      <class name="com.service.CarTest">
        <test-method signature="mileage()[pri:0, instance:com.service.CarTest@11fc564b]" started-at="2022-09-27T10:14:00 IST" name="mileage" finished-at="2022-09-27T10:14:00 IST" duration-ms="6" status="PASS">
          <reporter-output>
          </reporter-output>
        </test-method> <!-- mileage -->
        <test-method signature="speed()[pri:0, instance:com.service.CarTest@11fc564b]" started-at="2022-09-27T10:14:00 IST" name="speed" finished-at="2022-09-27T10:14:00 IST" duration-ms="1" status="PASS">
          <reporter-output>
          </reporter-output>
        </test-method> <!-- speed -->
      </class> <!-- com.service.CarTest -->
      <class name="com.service.BikeTest">
        <test-method signature="speed()[pri:0, instance:com.service.BikeTest@394a2528]" started-at="2022-09-27T10:14:00 IST" name="speed" finished-at="2022-09-27T10:14:00 IST" duration-ms="0" status="PASS">
          <reporter-output>
          </reporter-output>
        </test-method> <!-- speed -->
      </class> <!-- com.service.BikeTest -->
    </test> <!-- VechicleTesting -->
  </suite> <!-- MySuite -->
</testng-results>
